<?xml version="1.0" encoding="UTF-8"?>
<!-- Generated by org.testng.reporters.JUnitReportReporter -->
<testsuite hostname="DESKTOP-6625IDT" failures="0" tests="6" name="TestRunner.CucumberTestRunner" time="33.223" errors="1" timestamp="25 May 2024 16:12:48 GMT" skipped="0">
  <testcase classname="TestRunner.CucumberTestRunner" name="runScenario" time="6.631">
    <error message="element click intercepted: Element &lt;a class=&quot;nav-link&quot; data-toggle=&quot;modal&quot; data-target=&quot;#exampleModal&quot; href=&quot;#&quot;&gt;...&lt;/a&gt; is not clickable at point (818, 37). Other element would receive the click: &lt;div class=&quot;modal-header&quot;&gt;...&lt;/div&gt;
  (Session info: chrome=125.0.6422.77)
Build info: version: &#039;4.19.1&#039;, revision: &#039;abe0ee07dc&#039;
System info: os.name: &#039;Windows 11&#039;, os.arch: &#039;amd64&#039;, os.version: &#039;10.0&#039;, java.version: &#039;21.0.2&#039;
Driver info: org.openqa.selenium.chrome.ChromeDriver
Command: [544a9e9536e51d936ff6e2063f0f1025, clickElement {id=f.DB63B51A0A2E8C03DAA74EABA8A3EEDF.d.A0A73131FCA858D7BC15F02D8160235E.e.129}]
Capabilities {acceptInsecureCerts: false, browserName: chrome, browserVersion: 125.0.6422.77, chrome: {chromedriverVersion: 125.0.6422.78 (14db42ec38ad..., userDataDir: C:\Users\Harish kumar\AppDa...}, fedcm:accounts: true, goog:chromeOptions: {debuggerAddress: localhost:58973}, networkConnectionEnabled: false, pageLoadStrategy: normal, platformName: windows, proxy: Proxy(), se:cdp: ws://localhost:58973/devtoo..., se:cdpVersion: 125.0.6422.77, setWindowRect: true, strictFileInteractability: false, timeouts: {implicit: 0, pageLoad: 300000, script: 30000}, unhandledPromptBehavior: dismiss and notify, webauthn:extension:credBlob: true, webauthn:extension:largeBlob: true, webauthn:extension:minPinLength: true, webauthn:extension:prf: true, webauthn:virtualAuthenticators: true}
Element: [[ChromeDriver: chrome on windows (544a9e9536e51d936ff6e2063f0f1025)] -&gt; xpath: //ul[@class=&#039;navbar-nav ml-auto&#039;]/child::li/child::a[text()=&#039;Contact&#039;]]
Session ID: 544a9e9536e51d936ff6e2063f0f1025" type="org.openqa.selenium.ElementClickInterceptedException">
      <![CDATA[org.openqa.selenium.ElementClickInterceptedException: element click intercepted: Element <a class="nav-link" data-toggle="modal" data-target="#exampleModal" href="#">...</a> is not clickable at point (818, 37). Other element would receive the click: <div class="modal-header">...</div>
  (Session info: chrome=125.0.6422.77)
Build info: version: '4.19.1', revision: 'abe0ee07dc'
System info: os.name: 'Windows 11', os.arch: 'amd64', os.version: '10.0', java.version: '21.0.2'
Driver info: org.openqa.selenium.chrome.ChromeDriver
Command: [544a9e9536e51d936ff6e2063f0f1025, clickElement {id=f.DB63B51A0A2E8C03DAA74EABA8A3EEDF.d.A0A73131FCA858D7BC15F02D8160235E.e.129}]
Capabilities {acceptInsecureCerts: false, browserName: chrome, browserVersion: 125.0.6422.77, chrome: {chromedriverVersion: 125.0.6422.78 (14db42ec38ad..., userDataDir: C:\Users\Harish kumar\AppDa...}, fedcm:accounts: true, goog:chromeOptions: {debuggerAddress: localhost:58973}, networkConnectionEnabled: false, pageLoadStrategy: normal, platformName: windows, proxy: Proxy(), se:cdp: ws://localhost:58973/devtoo..., se:cdpVersion: 125.0.6422.77, setWindowRect: true, strictFileInteractability: false, timeouts: {implicit: 0, pageLoad: 300000, script: 30000}, unhandledPromptBehavior: dismiss and notify, webauthn:extension:credBlob: true, webauthn:extension:largeBlob: true, webauthn:extension:minPinLength: true, webauthn:extension:prf: true, webauthn:virtualAuthenticators: true}
Element: [[ChromeDriver: chrome on windows (544a9e9536e51d936ff6e2063f0f1025)] -> xpath: //ul[@class='navbar-nav ml-auto']/child::li/child::a[text()='Contact']]
Session ID: 544a9e9536e51d936ff6e2063f0f1025
	at java.base/jdk.internal.reflect.DirectConstructorHandleAccessor.newInstance(DirectConstructorHandleAccessor.java:62)
	at java.base/java.lang.reflect.Constructor.newInstanceWithCaller(Constructor.java:502)
	at java.base/java.lang.reflect.Constructor.newInstance(Constructor.java:486)
	at org.openqa.selenium.remote.ErrorCodec.decode(ErrorCodec.java:167)
	at org.openqa.selenium.remote.codec.w3c.W3CHttpResponseCodec.decode(W3CHttpResponseCodec.java:138)
	at org.openqa.selenium.remote.codec.w3c.W3CHttpResponseCodec.decode(W3CHttpResponseCodec.java:50)
	at org.openqa.selenium.remote.HttpCommandExecutor.execute(HttpCommandExecutor.java:190)
	at org.openqa.selenium.remote.service.DriverCommandExecutor.invokeExecute(DriverCommandExecutor.java:216)
	at org.openqa.selenium.remote.service.DriverCommandExecutor.execute(DriverCommandExecutor.java:174)
	at org.openqa.selenium.remote.RemoteWebDriver.execute(RemoteWebDriver.java:518)
	at org.openqa.selenium.remote.RemoteWebElement.execute(RemoteWebElement.java:223)
	at org.openqa.selenium.remote.RemoteWebElement.click(RemoteWebElement.java:76)
	at PageObjects.LoginPage.HomePageNavitems(LoginPage.java:25)
	at StepDefinitions.ContactTest.should_input_contact_details_from_excel(ContactTest.java:71)
	at âœ½.should input Contact details from Excel(file:///C:/Users/Harish%20kumar/Music/Selenium_4%20JAVA%20Harish/Java_Bdd_selenium4/Features/Contact.feature:7)
]]>
    </error>
  </testcase> <!-- runScenario -->
  <testcase classname="TestRunner.CucumberTestRunner" name="runScenario" time="4.890"/>
  <testcase classname="TestRunner.CucumberTestRunner" name="runScenario" time="7.406"/>
  <testcase classname="TestRunner.CucumberTestRunner" name="runScenario" time="4.594"/>
  <testcase classname="TestRunner.CucumberTestRunner" name="runScenario" time="4.061"/>
  <testcase classname="TestRunner.CucumberTestRunner" name="runScenario" time="5.641"/>
</testsuite> <!-- TestRunner.CucumberTestRunner -->
